<?xml version="1.0" encoding="UTF-8"?>
<!-- Generated by org.testng.reporters.JUnitReportReporter -->
<testsuite skipped="0" hostname="Lyazzats-MacBook-Pro.local" name="com.qa.darksky.test.HomePageTest" tests="2" failures="0" timestamp="2020-08-09T12:14:04 EDT" time="24.285" errors="0">
  <testcase name="verifyPageTitleTest" time="0.017" classname="com.qa.darksky.test.HomePageTest"/>
  <system-out/>
  <testcase name="Get_Information" time="24.268" classname="com.qa.darksky.test.HomePageTest"/>
  <system-out/>
</testsuite> <!-- com.qa.darksky.test.HomePageTest -->
